  vote.cpp
  pMT.cpp
h:\github\merkle-votes-epicly-insertcoloradojokehere\merkle-assignment\merkle-assignment\pmt.cpp(40): error C2511: 'int pMT::find(std::string,int,int)': overloaded member function not found in 'pMT'
  h:\github\merkle-votes-epicly-insertcoloradojokehere\merkle-assignment\merkle-assignment\pmt.h(7): note: see declaration of 'pMT'
h:\github\merkle-votes-epicly-insertcoloradojokehere\merkle-assignment\merkle-assignment\pmt.cpp(54): error C2039: 'locateData': is not a member of 'pMT'
  h:\github\merkle-votes-epicly-insertcoloradojokehere\merkle-assignment\merkle-assignment\pmt.h(7): note: see declaration of 'pMT'
h:\github\merkle-votes-epicly-insertcoloradojokehere\merkle-assignment\merkle-assignment\pmt.cpp(63): error C2039: 'locateHash': is not a member of 'pMT'
  h:\github\merkle-votes-epicly-insertcoloradojokehere\merkle-assignment\merkle-assignment\pmt.h(7): note: see declaration of 'pMT'
h:\github\merkle-votes-epicly-insertcoloradojokehere\merkle-assignment\merkle-assignment\pmt.cpp(101): error C2255: 'friend': not allowed outside of a class definition
h:\github\merkle-votes-epicly-insertcoloradojokehere\merkle-assignment\merkle-assignment\pmt.cpp(101): error C2039: '==': is not a member of 'pMT'
  h:\github\merkle-votes-epicly-insertcoloradojokehere\merkle-assignment\merkle-assignment\pmt.h(7): note: see declaration of 'pMT'
h:\github\merkle-votes-epicly-insertcoloradojokehere\merkle-assignment\merkle-assignment\pmt.cpp(111): error C2255: 'friend': not allowed outside of a class definition
h:\github\merkle-votes-epicly-insertcoloradojokehere\merkle-assignment\merkle-assignment\pmt.cpp(111): error C2039: '!=': is not a member of 'pMT'
  h:\github\merkle-votes-epicly-insertcoloradojokehere\merkle-assignment\merkle-assignment\pmt.h(7): note: see declaration of 'pMT'
h:\github\merkle-votes-epicly-insertcoloradojokehere\merkle-assignment\merkle-assignment\pmt.cpp(122): error C2255: 'friend': not allowed outside of a class definition
h:\github\merkle-votes-epicly-insertcoloradojokehere\merkle-assignment\merkle-assignment\pmt.cpp(122): error C2039: '^=': is not a member of 'pMT'
  h:\github\merkle-votes-epicly-insertcoloradojokehere\merkle-assignment\merkle-assignment\pmt.h(7): note: see declaration of 'pMT'
h:\github\merkle-votes-epicly-insertcoloradojokehere\merkle-assignment\merkle-assignment\pmt.cpp(134): error C2255: 'friend': not allowed outside of a class definition
h:\github\merkle-votes-epicly-insertcoloradojokehere\merkle-assignment\merkle-assignment\pmt.cpp(134): error C2039: '<<': is not a member of 'pMT'
  h:\github\merkle-votes-epicly-insertcoloradojokehere\merkle-assignment\merkle-assignment\pmt.h(7): note: see declaration of 'pMT'
h:\github\merkle-votes-epicly-insertcoloradojokehere\merkle-assignment\merkle-assignment\pmt.cpp(145): error C2255: 'friend': not allowed outside of a class definition
h:\github\merkle-votes-epicly-insertcoloradojokehere\merkle-assignment\merkle-assignment\pmt.cpp(145): error C2039: '^': is not a member of 'pMT'
  h:\github\merkle-votes-epicly-insertcoloradojokehere\merkle-assignment\merkle-assignment\pmt.h(7): note: see declaration of 'pMT'
  bTree.cpp
h:\github\merkle-votes-epicly-insertcoloradojokehere\merkle-assignment\merkle-assignment\btree.cpp(31): error C2511: 'std::string bTREE::locate(void)': overloaded member function not found in 'bTREE'
  h:\github\merkle-votes-epicly-insertcoloradojokehere\merkle-assignment\merkle-assignment\btree.h(7): note: see declaration of 'bTREE'
h:\github\merkle-votes-epicly-insertcoloradojokehere\merkle-assignment\merkle-assignment\btree.cpp(34): error C2255: 'friend': not allowed outside of a class definition
h:\github\merkle-votes-epicly-insertcoloradojokehere\merkle-assignment\merkle-assignment\btree.cpp(34): error C2039: '==': is not a member of 'bTREE'
  h:\github\merkle-votes-epicly-insertcoloradojokehere\merkle-assignment\merkle-assignment\btree.h(7): note: see declaration of 'bTREE'
h:\github\merkle-votes-epicly-insertcoloradojokehere\merkle-assignment\merkle-assignment\btree.cpp(38): error C2255: 'friend': not allowed outside of a class definition
h:\github\merkle-votes-epicly-insertcoloradojokehere\merkle-assignment\merkle-assignment\btree.cpp(38): error C2039: '!=': is not a member of 'bTREE'
  h:\github\merkle-votes-epicly-insertcoloradojokehere\merkle-assignment\merkle-assignment\btree.h(7): note: see declaration of 'bTREE'
h:\github\merkle-votes-epicly-insertcoloradojokehere\merkle-assignment\merkle-assignment\btree.cpp(42): error C2255: 'friend': not allowed outside of a class definition
h:\github\merkle-votes-epicly-insertcoloradojokehere\merkle-assignment\merkle-assignment\btree.cpp(42): error C2039: '<<': is not a member of 'bTREE'
  h:\github\merkle-votes-epicly-insertcoloradojokehere\merkle-assignment\merkle-assignment\btree.h(7): note: see declaration of 'bTREE'
  Generating Code...
